<?xml version="1.0" encoding="UTF-8"?>
<testng-results skipped="1" failed="0" ignored="0" total="3" passed="2">
  <reporter-output>
  </reporter-output>
  <suite name="TestSuite" duration-ms="47212" started-at="2019-01-12T03:08:52Z" finished-at="2019-01-12T03:09:39Z">
    <groups>
    </groups>
    <test name="Test" duration-ms="47212" started-at="2019-01-12T03:08:52Z" finished-at="2019-01-12T03:09:39Z">
      <class name="test.ActionsClass">
        <test-method status="PASS" signature="IntializeBrowser()[pri:0, instance:test.ActionsClass@1464ce8]" name="IntializeBrowser" is-config="true" duration-ms="8596" started-at="2019-01-12T08:38:52Z" finished-at="2019-01-12T08:39:01Z">
          <reporter-output>
          </reporter-output>
        </test-method> <!-- IntializeBrowser -->
        <test-method status="PASS" signature="SelectDropDOwn()[pri:0, instance:test.ActionsClass@1464ce8]" name="SelectDropDOwn" duration-ms="21277" started-at="2019-01-12T08:39:01Z" finished-at="2019-01-12T08:39:22Z">
          <reporter-output>
          </reporter-output>
        </test-method> <!-- SelectDropDOwn -->
        <test-method status="FAIL" signature="CloseBrowser()[pri:0, instance:test.ActionsClass@1464ce8]" name="CloseBrowser" is-config="true" duration-ms="1025" started-at="2019-01-12T08:39:22Z" finished-at="2019-01-12T08:39:23Z">
          <exception class="java.lang.NullPointerException">
            <full-stacktrace>
              <![CDATA[java.lang.NullPointerException
	at test.Base.CloseBrowser(Base.java:36)
	at sun.reflect.NativeMethodAccessorImpl.invoke0(Native Method)
	at sun.reflect.NativeMethodAccessorImpl.invoke(NativeMethodAccessorImpl.java:62)
	at sun.reflect.DelegatingMethodAccessorImpl.invoke(DelegatingMethodAccessorImpl.java:43)
	at java.lang.reflect.Method.invoke(Method.java:498)
	at org.testng.internal.MethodInvocationHelper.invokeMethod(MethodInvocationHelper.java:108)
	at org.testng.internal.Invoker.invokeConfigurationMethod(Invoker.java:523)
	at org.testng.internal.Invoker.invokeConfigurations(Invoker.java:224)
	at org.testng.internal.Invoker.invokeMethod(Invoker.java:723)
	at org.testng.internal.Invoker.invokeTestMethod(Invoker.java:869)
	at org.testng.internal.Invoker.invokeTestMethods(Invoker.java:1193)
	at org.testng.internal.TestMethodWorker.invokeTestMethods(TestMethodWorker.java:126)
	at org.testng.internal.TestMethodWorker.run(TestMethodWorker.java:109)
	at java.util.concurrent.ThreadPoolExecutor.runWorker(ThreadPoolExecutor.java:1149)
	at java.util.concurrent.ThreadPoolExecutor$Worker.run(ThreadPoolExecutor.java:624)
	at java.lang.Thread.run(Thread.java:748)
]]>
            </full-stacktrace>
          </exception> <!-- java.lang.NullPointerException -->
          <reporter-output>
          </reporter-output>
        </test-method> <!-- CloseBrowser -->
      </class> <!-- test.ActionsClass -->
      <class name="test.Dropdown">
        <test-method status="SKIP" signature="IntializeBrowser()[pri:0, instance:test.Dropdown@1dfb72a]" name="IntializeBrowser" is-config="true" duration-ms="0" started-at="2019-01-12T08:39:39Z" finished-at="2019-01-12T08:39:39Z">
          <reporter-output>
          </reporter-output>
        </test-method> <!-- IntializeBrowser -->
        <test-method status="SKIP" signature="SelectDropDOwn()[pri:0, instance:test.Dropdown@1dfb72a]" name="SelectDropDOwn" duration-ms="0" started-at="2019-01-12T08:39:39Z" finished-at="2019-01-12T08:39:39Z">
          <exception class="java.lang.NullPointerException">
            <full-stacktrace>
              <![CDATA[java.lang.NullPointerException
	at test.Base.CloseBrowser(Base.java:36)
	at sun.reflect.NativeMethodAccessorImpl.invoke0(Native Method)
	at sun.reflect.NativeMethodAccessorImpl.invoke(NativeMethodAccessorImpl.java:62)
	at sun.reflect.DelegatingMethodAccessorImpl.invoke(DelegatingMethodAccessorImpl.java:43)
	at java.lang.reflect.Method.invoke(Method.java:498)
	at org.testng.internal.MethodInvocationHelper.invokeMethod(MethodInvocationHelper.java:108)
	at org.testng.internal.Invoker.invokeConfigurationMethod(Invoker.java:523)
	at org.testng.internal.Invoker.invokeConfigurations(Invoker.java:224)
	at org.testng.internal.Invoker.invokeMethod(Invoker.java:723)
	at org.testng.internal.Invoker.invokeTestMethod(Invoker.java:869)
	at org.testng.internal.Invoker.invokeTestMethods(Invoker.java:1193)
	at org.testng.internal.TestMethodWorker.invokeTestMethods(TestMethodWorker.java:126)
	at org.testng.internal.TestMethodWorker.run(TestMethodWorker.java:109)
	at java.util.concurrent.ThreadPoolExecutor.runWorker(ThreadPoolExecutor.java:1149)
	at java.util.concurrent.ThreadPoolExecutor$Worker.run(ThreadPoolExecutor.java:624)
	at java.lang.Thread.run(Thread.java:748)
]]>
            </full-stacktrace>
          </exception> <!-- java.lang.NullPointerException -->
          <reporter-output>
          </reporter-output>
        </test-method> <!-- SelectDropDOwn -->
      </class> <!-- test.Dropdown -->
      <class name="test.Capability">
        <test-method status="PASS" signature="BrowserCap()[pri:0, instance:test.Capability@1829d67]" name="BrowserCap" duration-ms="16234" started-at="2019-01-12T08:39:23Z" finished-at="2019-01-12T08:39:39Z">
          <reporter-output>
          </reporter-output>
        </test-method> <!-- BrowserCap -->
      </class> <!-- test.Capability -->
    </test> <!-- Test -->
  </suite> <!-- TestSuite -->
</testng-results>
