<?xml version="1.0" encoding="UTF-8"?>
<testsuite name="TestSuite" time="59.837" tests="5" errors="0" skipped="2" failures="1">
  <properties>
[...]
</properties>
  <testcase name="SelectDropDOwn" classname="test.ActionsClass" time="21.288"/>
  <testcase name="CloseBrowser" classname="test.ActionsClass" time="22.315">
    <failure type="java.lang.NullPointerException:">java.lang.NullPointerException: null
	at test.Base.CloseBrowser(Base.java:36)
	at sun.reflect.NativeMethodAccessorImpl.invoke0(Native Method)
	at sun.reflect.NativeMethodAccessorImpl.invoke(NativeMethodAccessorImpl.java:62)
	at sun.reflect.DelegatingMethodAccessorImpl.invoke(DelegatingMethodAccessorImpl.java:43)
	at java.lang.reflect.Method.invoke(Method.java:498)
	at org.testng.internal.MethodInvocationHelper.invokeMethod(MethodInvocationHelper.java:108)
	at org.testng.internal.Invoker.invokeConfigurationMethod(Invoker.java:523)
	at org.testng.internal.Invoker.invokeConfigurations(Invoker.java:224)
	at org.testng.internal.Invoker.invokeMethod(Invoker.java:723)
	at org.testng.internal.Invoker.invokeTestMethod(Invoker.java:869)
	at org.testng.internal.Invoker.invokeTestMethods(Invoker.java:1193)
	at org.testng.internal.TestMethodWorker.invokeTestMethods(TestMethodWorker.java:126)
	at org.testng.internal.TestMethodWorker.run(TestMethodWorker.java:109)
	at java.util.concurrent.ThreadPoolExecutor.runWorker(ThreadPoolExecutor.java:1149)
	at java.util.concurrent.ThreadPoolExecutor$Worker.run(ThreadPoolExecutor.java:624)
	at java.lang.Thread.run(Thread.java:748)
</failure>
  </testcase>
  <testcase name="BrowserCap" classname="test.Capability" time="16.234"/>
  <testcase name="IntializeBrowser" classname="test.Dropdown" time="0">
    <skipped/>
  </testcase>
  <testcase name="SelectDropDOwn" classname="test.Dropdown" time="0">
    <skipped/>
  </testcase>
</testsuite>