<?xml version="1.0" encoding="UTF-8"?>
<!-- Generated by org.testng.reporters.JUnitXMLReporter -->
<testsuite hostname="Vikash-PC" ignored="0" name="Test" tests="3" failures="0" timestamp="12 Jan 2019 03:09:39 GMT" time="47.212" errors="0">
  <testcase name="@AfterMethod CloseBrowser" time="1.025" classname="test.Base">
    <failure type="java.lang.NullPointerException">
      <![CDATA[java.lang.NullPointerException
	at test.Base.CloseBrowser(Base.java:36)
	at java.util.concurrent.ThreadPoolExecutor.runWorker(ThreadPoolExecutor.java:1149)
	at java.util.concurrent.ThreadPoolExecutor$Worker.run(ThreadPoolExecutor.java:624)
	at java.lang.Thread.run(Thread.java:748)
... Removed 12 stack frames]]>
    </failure>
  </testcase> <!-- @AfterMethod CloseBrowser -->
  <testcase name="@BeforeMethod IntializeBrowser" time="0.0" classname="test.Base">
    <skipped/>
  </testcase> <!-- @BeforeMethod IntializeBrowser -->
  <testcase name="SelectDropDOwn" time="21.277" classname="test.ActionsClass"/>
  <testcase name="BrowserCap" time="16.234" classname="test.Capability"/>
  <testcase name="SelectDropDOwn" time="0.0" classname="test.Dropdown">
    <skipped/>
  </testcase> <!-- SelectDropDOwn -->
</testsuite> <!-- Test -->
