<?xml version="1.0" encoding="UTF-8"?>
<!-- Generated by org.testng.reporters.JUnitXMLReporter -->
<testsuite hostname="Vikash-PC" ignored="0" name="Test" tests="5" failures="0" timestamp="11 Jan 2019 18:03:51 GMT" time="15.409" errors="0">
  <testcase name="@BeforeMethod IntializeBrowser" time="0.014" classname="test.Base">
    <failure type="java.lang.NullPointerException">
      <![CDATA[java.lang.NullPointerException
	at test.Base.IntializeBrowser(Base.java:26)
	at java.util.concurrent.ThreadPoolExecutor.runWorker(ThreadPoolExecutor.java:1149)
	at java.util.concurrent.ThreadPoolExecutor$Worker.run(ThreadPoolExecutor.java:624)
	at java.lang.Thread.run(Thread.java:748)
... Removed 12 stack frames]]>
    </failure>
  </testcase> <!-- @BeforeMethod IntializeBrowser -->
  <testcase name="@BeforeMethod IntializeBrowser" time="0.0" classname="test.Base">
    <skipped/>
  </testcase> <!-- @BeforeMethod IntializeBrowser -->
  <testcase name="@BeforeMethod IntializeBrowser" time="0.0" classname="test.Base">
    <skipped/>
  </testcase> <!-- @BeforeMethod IntializeBrowser -->
  <testcase name="@BeforeMethod IntializeBrowser" time="0.0" classname="test.Base">
    <skipped/>
  </testcase> <!-- @BeforeMethod IntializeBrowser -->
  <testcase name="SelectDropDOwn" time="0.001" classname="test.ActionsClass">
    <skipped/>
  </testcase> <!-- SelectDropDOwn -->
  <testcase name="BrowserCap" time="15.277" classname="test.Capability"/>
  <testcase name="SelectDropDOwn" time="0.0" classname="test.Dropdown">
    <skipped/>
  </testcase> <!-- SelectDropDOwn -->
  <testcase name="explicitwait" time="0.0" classname="test.ExplicitWait">
    <skipped/>
  </testcase> <!-- explicitwait -->
  <testcase name="Method" time="0.0" classname="test.IsDisplayedEnabledSelected">
    <skipped/>
  </testcase> <!-- Method -->
</testsuite> <!-- Test -->
